<?xml version="1.0" encoding="UTF-8"?>
<testng-results ignored="0" total="10" passed="10" failed="0" skipped="0">
  <reporter-output>
  </reporter-output>
  <suite started-at="2022-01-26T09:54:11Z" name="Default suite" finished-at="2022-01-26T10:56:21Z" duration-ms="3729419">
    <groups>
    </groups>
    <test started-at="2022-01-26T09:54:11Z" name="Default test" finished-at="2022-01-26T10:56:21Z" duration-ms="3729419">
      <class name="com.muDomastic.qa.TestCases.CommercialPortalGenericScenario">
        <test-method is-config="true" signature="LoginCommercialPortal()[pri:0, instance:com.muDomastic.qa.TestCases.CommercialPortalGenericScenario@42530531]" started-at="2022-01-26T09:54:11Z" name="LoginCommercialPortal" finished-at="2022-01-26T09:54:35Z" duration-ms="23240" status="PASS">
          <reporter-output>
          </reporter-output>
        </test-method> <!-- LoginCommercialPortal -->
        <test-method signature="CommercialPortal_TC_01()[pri:1, instance:com.muDomastic.qa.TestCases.CommercialPortalGenericScenario@42530531]" started-at="2022-01-26T09:54:35Z" name="CommercialPortal_TC_01" finished-at="2022-01-26T10:01:27Z" duration-ms="412260" status="PASS">
          <reporter-output>
          </reporter-output>
        </test-method> <!-- CommercialPortal_TC_01 -->
        <test-method is-config="true" signature="driverClose()[pri:0, instance:com.muDomastic.qa.TestCases.CommercialPortalGenericScenario@42530531]" started-at="2022-01-26T10:01:27Z" name="driverClose" finished-at="2022-01-26T10:01:38Z" duration-ms="11101" status="PASS">
          <reporter-output>
          </reporter-output>
        </test-method> <!-- driverClose -->
        <test-method is-config="true" signature="LoginCommercialPortal()[pri:0, instance:com.muDomastic.qa.TestCases.CommercialPortalGenericScenario@42530531]" started-at="2022-01-26T10:01:38Z" name="LoginCommercialPortal" finished-at="2022-01-26T10:01:46Z" duration-ms="7923" status="PASS">
          <reporter-output>
          </reporter-output>
        </test-method> <!-- LoginCommercialPortal -->
        <test-method signature="CommercialPortal_TC_02()[pri:2, instance:com.muDomastic.qa.TestCases.CommercialPortalGenericScenario@42530531]" started-at="2022-01-26T10:01:46Z" name="CommercialPortal_TC_02" finished-at="2022-01-26T10:10:10Z" duration-ms="504083" status="PASS">
          <reporter-output>
          </reporter-output>
        </test-method> <!-- CommercialPortal_TC_02 -->
        <test-method is-config="true" signature="driverClose()[pri:0, instance:com.muDomastic.qa.TestCases.CommercialPortalGenericScenario@42530531]" started-at="2022-01-26T10:10:10Z" name="driverClose" finished-at="2022-01-26T10:10:21Z" duration-ms="10947" status="PASS">
          <reporter-output>
          </reporter-output>
        </test-method> <!-- driverClose -->
        <test-method is-config="true" signature="LoginCommercialPortal()[pri:0, instance:com.muDomastic.qa.TestCases.CommercialPortalGenericScenario@42530531]" started-at="2022-01-26T10:10:21Z" name="LoginCommercialPortal" finished-at="2022-01-26T10:10:33Z" duration-ms="11610" status="PASS">
          <reporter-output>
          </reporter-output>
        </test-method> <!-- LoginCommercialPortal -->
        <test-method signature="CommercialPortal_TC_03()[pri:3, instance:com.muDomastic.qa.TestCases.CommercialPortalGenericScenario@42530531]" started-at="2022-01-26T10:10:33Z" name="CommercialPortal_TC_03" finished-at="2022-01-26T10:19:29Z" duration-ms="536544" status="PASS">
          <reporter-output>
          </reporter-output>
        </test-method> <!-- CommercialPortal_TC_03 -->
        <test-method is-config="true" signature="driverClose()[pri:0, instance:com.muDomastic.qa.TestCases.CommercialPortalGenericScenario@42530531]" started-at="2022-01-26T10:19:29Z" name="driverClose" finished-at="2022-01-26T10:19:40Z" duration-ms="10860" status="PASS">
          <reporter-output>
          </reporter-output>
        </test-method> <!-- driverClose -->
        <test-method is-config="true" signature="LoginCommercialPortal()[pri:0, instance:com.muDomastic.qa.TestCases.CommercialPortalGenericScenario@42530531]" started-at="2022-01-26T10:19:40Z" name="LoginCommercialPortal" finished-at="2022-01-26T10:19:48Z" duration-ms="7898" status="PASS">
          <reporter-output>
          </reporter-output>
        </test-method> <!-- LoginCommercialPortal -->
        <test-method signature="CommercialPortal_TC_04()[pri:4, instance:com.muDomastic.qa.TestCases.CommercialPortalGenericScenario@42530531]" started-at="2022-01-26T10:19:48Z" name="CommercialPortal_TC_04" finished-at="2022-01-26T10:30:34Z" duration-ms="646230" status="PASS">
          <reporter-output>
          </reporter-output>
        </test-method> <!-- CommercialPortal_TC_04 -->
        <test-method is-config="true" signature="driverClose()[pri:0, instance:com.muDomastic.qa.TestCases.CommercialPortalGenericScenario@42530531]" started-at="2022-01-26T10:30:34Z" name="driverClose" finished-at="2022-01-26T10:30:45Z" duration-ms="10952" status="PASS">
          <reporter-output>
          </reporter-output>
        </test-method> <!-- driverClose -->
        <test-method is-config="true" signature="LoginCommercialPortal()[pri:0, instance:com.muDomastic.qa.TestCases.CommercialPortalGenericScenario@42530531]" started-at="2022-01-26T10:30:45Z" name="LoginCommercialPortal" finished-at="2022-01-26T10:30:52Z" duration-ms="7299" status="PASS">
          <reporter-output>
          </reporter-output>
        </test-method> <!-- LoginCommercialPortal -->
        <test-method signature="CommercialPortal_TC_05()[pri:5, instance:com.muDomastic.qa.TestCases.CommercialPortalGenericScenario@42530531]" started-at="2022-01-26T10:30:52Z" name="CommercialPortal_TC_05" finished-at="2022-01-26T10:35:29Z" duration-ms="276824" status="PASS">
          <reporter-output>
          </reporter-output>
        </test-method> <!-- CommercialPortal_TC_05 -->
        <test-method is-config="true" signature="driverClose()[pri:0, instance:com.muDomastic.qa.TestCases.CommercialPortalGenericScenario@42530531]" started-at="2022-01-26T10:35:29Z" name="driverClose" finished-at="2022-01-26T10:35:40Z" duration-ms="10501" status="PASS">
          <reporter-output>
          </reporter-output>
        </test-method> <!-- driverClose -->
        <test-method is-config="true" signature="LoginCommercialPortal()[pri:0, instance:com.muDomastic.qa.TestCases.CommercialPortalGenericScenario@42530531]" started-at="2022-01-26T10:35:40Z" name="LoginCommercialPortal" finished-at="2022-01-26T10:35:47Z" duration-ms="7745" status="PASS">
          <reporter-output>
          </reporter-output>
        </test-method> <!-- LoginCommercialPortal -->
        <test-method signature="CommercialPortal_TC_06()[pri:6, instance:com.muDomastic.qa.TestCases.CommercialPortalGenericScenario@42530531]" started-at="2022-01-26T10:35:47Z" name="CommercialPortal_TC_06" finished-at="2022-01-26T10:36:43Z" duration-ms="55971" status="PASS">
          <reporter-output>
          </reporter-output>
        </test-method> <!-- CommercialPortal_TC_06 -->
        <test-method is-config="true" signature="driverClose()[pri:0, instance:com.muDomastic.qa.TestCases.CommercialPortalGenericScenario@42530531]" started-at="2022-01-26T10:36:43Z" name="driverClose" finished-at="2022-01-26T10:36:54Z" duration-ms="10495" status="PASS">
          <reporter-output>
          </reporter-output>
        </test-method> <!-- driverClose -->
        <test-method is-config="true" signature="LoginCommercialPortal()[pri:0, instance:com.muDomastic.qa.TestCases.CommercialPortalGenericScenario@42530531]" started-at="2022-01-26T10:36:54Z" name="LoginCommercialPortal" finished-at="2022-01-26T10:37:02Z" duration-ms="8138" status="PASS">
          <reporter-output>
          </reporter-output>
        </test-method> <!-- LoginCommercialPortal -->
        <test-method signature="CommercialPortal_TC_07()[pri:7, instance:com.muDomastic.qa.TestCases.CommercialPortalGenericScenario@42530531]" started-at="2022-01-26T10:37:02Z" name="CommercialPortal_TC_07" finished-at="2022-01-26T10:45:46Z" duration-ms="523650" status="PASS">
          <reporter-output>
          </reporter-output>
        </test-method> <!-- CommercialPortal_TC_07 -->
        <test-method is-config="true" signature="driverClose()[pri:0, instance:com.muDomastic.qa.TestCases.CommercialPortalGenericScenario@42530531]" started-at="2022-01-26T10:45:46Z" name="driverClose" finished-at="2022-01-26T10:45:57Z" duration-ms="11057" status="PASS">
          <reporter-output>
          </reporter-output>
        </test-method> <!-- driverClose -->
        <test-method is-config="true" signature="LoginCommercialPortal()[pri:0, instance:com.muDomastic.qa.TestCases.CommercialPortalGenericScenario@42530531]" started-at="2022-01-26T10:45:57Z" name="LoginCommercialPortal" finished-at="2022-01-26T10:46:05Z" duration-ms="8628" status="PASS">
          <reporter-output>
          </reporter-output>
        </test-method> <!-- LoginCommercialPortal -->
        <test-method signature="CommercialPortal_TC_08()[pri:8, instance:com.muDomastic.qa.TestCases.CommercialPortalGenericScenario@42530531]" started-at="2022-01-26T10:46:05Z" name="CommercialPortal_TC_08" finished-at="2022-01-26T10:48:18Z" duration-ms="132252" status="PASS">
          <reporter-output>
          </reporter-output>
        </test-method> <!-- CommercialPortal_TC_08 -->
        <test-method is-config="true" signature="driverClose()[pri:0, instance:com.muDomastic.qa.TestCases.CommercialPortalGenericScenario@42530531]" started-at="2022-01-26T10:48:18Z" name="driverClose" finished-at="2022-01-26T10:48:28Z" duration-ms="10454" status="PASS">
          <reporter-output>
          </reporter-output>
        </test-method> <!-- driverClose -->
        <test-method is-config="true" signature="LoginCommercialPortal()[pri:0, instance:com.muDomastic.qa.TestCases.CommercialPortalGenericScenario@42530531]" started-at="2022-01-26T10:48:28Z" name="LoginCommercialPortal" finished-at="2022-01-26T10:48:38Z" duration-ms="9626" status="PASS">
          <reporter-output>
          </reporter-output>
        </test-method> <!-- LoginCommercialPortal -->
        <test-method signature="CommercialPortal_TC_09()[pri:9, instance:com.muDomastic.qa.TestCases.CommercialPortalGenericScenario@42530531]" started-at="2022-01-26T10:48:38Z" name="CommercialPortal_TC_09" finished-at="2022-01-26T10:50:53Z" duration-ms="134953" status="PASS">
          <reporter-output>
          </reporter-output>
        </test-method> <!-- CommercialPortal_TC_09 -->
        <test-method is-config="true" signature="driverClose()[pri:0, instance:com.muDomastic.qa.TestCases.CommercialPortalGenericScenario@42530531]" started-at="2022-01-26T10:50:53Z" name="driverClose" finished-at="2022-01-26T10:51:07Z" duration-ms="14491" status="PASS">
          <reporter-output>
          </reporter-output>
        </test-method> <!-- driverClose -->
        <test-method is-config="true" signature="LoginCommercialPortal()[pri:0, instance:com.muDomastic.qa.TestCases.CommercialPortalGenericScenario@42530531]" started-at="2022-01-26T10:51:07Z" name="LoginCommercialPortal" finished-at="2022-01-26T10:51:15Z" duration-ms="8163" status="PASS">
          <reporter-output>
          </reporter-output>
        </test-method> <!-- LoginCommercialPortal -->
        <test-method signature="CommercialPortal_TC_10()[pri:10, instance:com.muDomastic.qa.TestCases.CommercialPortalGenericScenario@42530531]" started-at="2022-01-26T10:51:15Z" name="CommercialPortal_TC_10" finished-at="2022-01-26T10:56:10Z" duration-ms="294537" status="PASS">
          <reporter-output>
          </reporter-output>
        </test-method> <!-- CommercialPortal_TC_10 -->
        <test-method is-config="true" signature="driverClose()[pri:0, instance:com.muDomastic.qa.TestCases.CommercialPortalGenericScenario@42530531]" started-at="2022-01-26T10:56:10Z" name="driverClose" finished-at="2022-01-26T10:56:21Z" duration-ms="10890" status="PASS">
          <reporter-output>
          </reporter-output>
        </test-method> <!-- driverClose -->
      </class> <!-- com.muDomastic.qa.TestCases.CommercialPortalGenericScenario -->
    </test> <!-- Default test -->
  </suite> <!-- Default suite -->
</testng-results>
