<?xml version="1.0" encoding="UTF-8"?>
<!-- Generated by org.testng.reporters.JUnitXMLReporter -->
<testsuite ignored="0" hostname="Win-1006" failures="0" tests="10" name="Default test" time="3729.419" errors="0" timestamp="26 Jan 2022 10:56:21 GMT">
  <testcase classname="com.muDomastic.qa.TestCases.CommercialPortalGenericScenario" name="CommercialPortal_TC_01" time="412.26"/>
  <testcase classname="com.muDomastic.qa.TestCases.CommercialPortalGenericScenario" name="CommercialPortal_TC_02" time="504.083"/>
  <testcase classname="com.muDomastic.qa.TestCases.CommercialPortalGenericScenario" name="CommercialPortal_TC_03" time="536.544"/>
  <testcase classname="com.muDomastic.qa.TestCases.CommercialPortalGenericScenario" name="CommercialPortal_TC_04" time="646.23"/>
  <testcase classname="com.muDomastic.qa.TestCases.CommercialPortalGenericScenario" name="CommercialPortal_TC_05" time="276.824"/>
  <testcase classname="com.muDomastic.qa.TestCases.CommercialPortalGenericScenario" name="CommercialPortal_TC_06" time="55.971"/>
  <testcase classname="com.muDomastic.qa.TestCases.CommercialPortalGenericScenario" name="CommercialPortal_TC_07" time="523.65"/>
  <testcase classname="com.muDomastic.qa.TestCases.CommercialPortalGenericScenario" name="CommercialPortal_TC_08" time="132.252"/>
  <testcase classname="com.muDomastic.qa.TestCases.CommercialPortalGenericScenario" name="CommercialPortal_TC_09" time="134.953"/>
  <testcase classname="com.muDomastic.qa.TestCases.CommercialPortalGenericScenario" name="CommercialPortal_TC_10" time="294.537"/>
</testsuite> <!-- Default test -->
