<?xml version="1.0" encoding="UTF-8"?>
<!-- Generated by org.testng.reporters.JUnitXMLReporter -->
<testsuite ignored="12" hostname="Win-1006" failures="0" tests="1" name="ComercialPortalGenericScenario" time="118.397" errors="0" timestamp="09 Feb 2022 17:33:58 GMT">
  <testcase classname="com.muDomastic.qa.TestCases.CommercialPortalGenericScenario" name="CommercialPortal_TC_04" time="91.095"/>
  <testcase classname="com.muDomastic.qa.TestCases.CommercialPortalGenericScenario" name="CommercialPortal_TC_06" time="0.0">
    <ignored/>
  </testcase> <!-- CommercialPortal_TC_06 -->
  <testcase classname="com.muDomastic.qa.TestCases.CommercialPortalGenericScenario" name="CommercialPortal_TC_08" time="0.0">
    <ignored/>
  </testcase> <!-- CommercialPortal_TC_08 -->
  <testcase classname="com.muDomastic.qa.TestCases.CommercialPortalGenericScenario" name="CommercialPortal_TC_05" time="0.0">
    <ignored/>
  </testcase> <!-- CommercialPortal_TC_05 -->
  <testcase classname="com.muDomastic.qa.TestCases.CommercialPortalGenericScenario" name="CommercialPortal_TC_02" time="0.0">
    <ignored/>
  </testcase> <!-- CommercialPortal_TC_02 -->
  <testcase classname="com.muDomastic.qa.TestCases.CommercialPortalGenericScenario" name="CommercialPortal_TC_13" time="0.0">
    <ignored/>
  </testcase> <!-- CommercialPortal_TC_13 -->
  <testcase classname="com.muDomastic.qa.TestCases.CommercialPortalGenericScenario" name="CommercialPortal_TC_07" time="0.0">
    <ignored/>
  </testcase> <!-- CommercialPortal_TC_07 -->
  <testcase classname="com.muDomastic.qa.TestCases.CommercialPortalGenericScenario" name="CommercialPortal_TC_01" time="0.0">
    <ignored/>
  </testcase> <!-- CommercialPortal_TC_01 -->
  <testcase classname="com.muDomastic.qa.TestCases.CommercialPortalGenericScenario" name="CommercialPortal_TC_12" time="0.0">
    <ignored/>
  </testcase> <!-- CommercialPortal_TC_12 -->
  <testcase classname="com.muDomastic.qa.TestCases.CommercialPortalGenericScenario" name="CommercialPortal_TC_03" time="0.0">
    <ignored/>
  </testcase> <!-- CommercialPortal_TC_03 -->
  <testcase classname="com.muDomastic.qa.TestCases.CommercialPortalGenericScenario" name="CommercialPortal_TC_11" time="0.0">
    <ignored/>
  </testcase> <!-- CommercialPortal_TC_11 -->
  <testcase classname="com.muDomastic.qa.TestCases.CommercialPortalGenericScenario" name="CommercialPortal_TC_10" time="0.0">
    <ignored/>
  </testcase> <!-- CommercialPortal_TC_10 -->
  <testcase classname="com.muDomastic.qa.TestCases.CommercialPortalGenericScenario" name="CommercialPortal_TC_09" time="0.0">
    <ignored/>
  </testcase> <!-- CommercialPortal_TC_09 -->
</testsuite> <!-- ComercialPortalGenericScenario -->
